# JRE version: Java(TM) SE Runtime Environment (8.0_91-b15) (build 1.8.0_91-b15)
# Java VM: Java HotSpot(TM) 64-Bit Server VM (25.91-b15 mixed mode windows-amd64 compressed oops)
Heap:
 PSYoungGen      total 200704K, used 8950K [0x000000076c980000, 0x000000077a480000, 0x00000007c0000000)
  eden space 186368K, 4% used [0x000000076c980000,0x000000076d23dbb8,0x0000000777f80000)
  from space 14336K, 0% used [0x0000000779680000,0x0000000779680000,0x000000077a480000)
  to   space 16896K, 0% used [0x0000000778380000,0x0000000778380000,0x0000000779400000)
 ParOldGen       total 216064K, used 26530K [0x00000006c5c00000, 0x00000006d2f00000, 0x000000076c980000)
  object space 216064K, 12% used [0x00000006c5c00000,0x00000006c75e8860,0x00000006d2f00000)
 Metaspace       used 55600K, capacity 59620K, committed 59736K, reserved 1101824K
  class space    used 7304K, capacity 8036K, committed 8064K, reserved 1048576K
GC Heap History (10 events):
Event: 3.126 GC heap before
{Heap before GC invocations=7 (full 1):
 PSYoungGen      total 103424K, used 29923K [0x000000076c980000, 0x0000000776400000, 0x00000007c0000000)
  eden space 92672K, 20% used [0x000000076c980000,0x000000076dc3be88,0x0000000772400000)
  from space 10752K, 99% used [0x0000000772400000,0x0000000772e7ceb0,0x0000000772e80000)
  to   space 13824K, 0% used [0x0000000775680000,0x0000000775680000,0x0000000776400000)
 ParOldGen       total 110080K, used 12738K [0x00000006c5c00000, 0x00000006cc780000, 0x000000076c980000)
  object space 110080K, 11% used [0x00000006c5c00000,0x00000006c6870910,0x00000006cc780000)
 Metaspace       used 33348K, capacity 35310K, committed 35416K, reserved 1079296K
  class space    used 4302K, capacity 4641K, committed 4736K, reserved 1048576K
Event: 3.132 GC heap after
Heap after GC invocations=7 (full 1):
 PSYoungGen      total 144384K, used 8265K [0x000000076c980000, 0x0000000776f00000, 0x00000007c0000000)
  eden space 130560K, 0% used [0x000000076c980000,0x000000076c980000,0x0000000774900000)
  from space 13824K, 59% used [0x0000000775680000,0x0000000775e92420,0x0000000776400000)
  to   space 13824K, 0% used [0x0000000774900000,0x0000000774900000,0x0000000775680000)
 ParOldGen       total 110080K, used 12746K [0x00000006c5c00000, 0x00000006cc780000, 0x000000076c980000)
  object space 110080K, 11% used [0x00000006c5c00000,0x00000006c6872910,0x00000006cc780000)
 Metaspace       used 33348K, capacity 35310K, committed 35416K, reserved 1079296K
  class space    used 4302K, capacity 4641K, committed 4736K, reserved 1048576K
}
Event: 3.132 GC heap before
{Heap before GC invocations=8 (full 2):
 PSYoungGen      total 144384K, used 8265K [0x000000076c980000, 0x0000000776f00000, 0x00000007c0000000)
  eden space 130560K, 0% used [0x000000076c980000,0x000000076c980000,0x0000000774900000)
  from space 13824K, 59% used [0x0000000775680000,0x0000000775e92420,0x0000000776400000)
  to   space 13824K, 0% used [0x0000000774900000,0x0000000774900000,0x0000000775680000)
 ParOldGen       total 110080K, used 12746K [0x00000006c5c00000, 0x00000006cc780000, 0x000000076c980000)
  object space 110080K, 11% used [0x00000006c5c00000,0x00000006c6872910,0x00000006cc780000)
 Metaspace       used 33348K, capacity 35310K, committed 35416K, reserved 1079296K
  class space    used 4302K, capacity 4641K, committed 4736K, reserved 1048576K
Event: 3.163 GC heap after
Heap after GC invocations=8 (full 2):
 PSYoungGen      total 144384K, used 0K [0x000000076c980000, 0x0000000776f00000, 0x00000007c0000000)
  eden space 130560K, 0% used [0x000000076c980000,0x000000076c980000,0x0000000774900000)
  from space 13824K, 0% used [0x0000000775680000,0x0000000775680000,0x0000000776400000)
  to   space 13824K, 0% used [0x0000000774900000,0x0000000774900000,0x0000000775680000)
 ParOldGen       total 159232K, used 13749K [0x00000006c5c00000, 0x00000006cf780000, 0x000000076c980000)
  object space 159232K, 8% used [0x00000006c5c00000,0x00000006c696d7f8,0x00000006cf780000)
 Metaspace       used 33348K, capacity 35310K, committed 35416K, reserved 1079296K
  class space    used 4302K, capacity 4641K, committed 4736K, reserved 1048576K
}
Event: 4.588 GC heap before
{Heap before GC invocations=9 (full 2):
 PSYoungGen      total 144384K, used 130560K [0x000000076c980000, 0x0000000776f00000, 0x00000007c0000000)
  eden space 130560K, 100% used [0x000000076c980000,0x0000000774900000,0x0000000774900000)
  from space 13824K, 0% used [0x0000000775680000,0x0000000775680000,0x0000000776400000)
  to   space 13824K, 0% used [0x0000000774900000,0x0000000774900000,0x0000000775680000)
 ParOldGen       total 159232K, used 13749K [0x00000006c5c00000, 0x00000006cf780000, 0x000000076c980000)
  object space 159232K, 8% used [0x00000006c5c00000,0x00000006c696d7f8,0x00000006cf780000)
 Metaspace       used 44574K, capacity 47028K, committed 47192K, reserved 1089536K
  class space    used 5733K, capacity 6200K, committed 6272K, reserved 1048576K
Event: 4.599 GC heap after
Heap after GC invocations=9 (full 2):
 PSYoungGen      total 144384K, used 11867K [0x000000076c980000, 0x000000077a480000, 0x00000007c0000000)
  eden space 130560K, 0% used [0x000000076c980000,0x000000076c980000,0x0000000774900000)
  from space 13824K, 85% used [0x0000000774900000,0x0000000775496f78,0x0000000775680000)
  to   space 14336K, 0% used [0x0000000779680000,0x0000000779680000,0x000000077a480000)
 ParOldGen       total 159232K, used 13822K [0x00000006c5c00000, 0x00000006cf780000, 0x000000076c980000)
  object space 159232K, 8% used [0x00000006c5c00000,0x00000006c697f808,0x00000006cf780000)
 Metaspace       used 44574K, capacity 47028K, committed 47192K, reserved 1089536K
  class space    used 5733K, capacity 6200K, committed 6272K, reserved 1048576K
}
Event: 29.293 GC heap before
{Heap before GC invocations=10 (full 2):
 PSYoungGen      total 144384K, used 140280K [0x000000076c980000, 0x000000077a480000, 0x00000007c0000000)
  eden space 130560K, 98% used [0x000000076c980000,0x00000007746e7408,0x0000000774900000)
  from space 13824K, 85% used [0x0000000774900000,0x0000000775496f78,0x0000000775680000)
  to   space 14336K, 0% used [0x0000000779680000,0x0000000779680000,0x000000077a480000)
 ParOldGen       total 159232K, used 13822K [0x00000006c5c00000, 0x00000006cf780000, 0x000000076c980000)
  object space 159232K, 8% used [0x00000006c5c00000,0x00000006c697f808,0x00000006cf780000)
 Metaspace       used 55022K, capacity 58976K, committed 59028K, reserved 1099776K
  class space    used 7221K, capacity 7932K, committed 7936K, reserved 1048576K
Event: 29.307 GC heap after
Heap after GC invocations=10 (full 2):
 PSYoungGen      total 200704K, used 14335K [0x000000076c980000, 0x000000077a480000, 0x00000007c0000000)
  eden space 186368K, 0% used [0x000000076c980000,0x000000076c980000,0x0000000777f80000)
  from space 14336K, 99% used [0x0000000779680000,0x000000077a47fd30,0x000000077a480000)
  to   space 16896K, 0% used [0x0000000778380000,0x0000000778380000,0x0000000779400000)
 ParOldGen       total 159232K, used 16739K [0x00000006c5c00000, 0x00000006cf780000, 0x000000076c980000)
  object space 159232K, 10% used [0x00000006c5c00000,0x00000006c6c58d78,0x00000006cf780000)
 Metaspace       used 55022K, capacity 58976K, committed 59028K, reserved 1099776K
  class space    used 7221K, capacity 7932K, committed 7936K, reserved 1048576K
}
Event: 29.307 GC heap before
{Heap before GC invocations=11 (full 3):
 PSYoungGen      total 200704K, used 14335K [0x000000076c980000, 0x000000077a480000, 0x00000007c0000000)
  eden space 186368K, 0% used [0x000000076c980000,0x000000076c980000,0x0000000777f80000)
  from space 14336K, 99% used [0x0000000779680000,0x000000077a47fd30,0x000000077a480000)
  to   space 16896K, 0% used [0x0000000778380000,0x0000000778380000,0x0000000779400000)
 ParOldGen       total 159232K, used 16739K [0x00000006c5c00000, 0x00000006cf780000, 0x000000076c980000)
  object space 159232K, 10% used [0x00000006c5c00000,0x00000006c6c58d78,0x00000006cf780000)
 Metaspace       used 55022K, capacity 58976K, committed 59028K, reserved 1099776K
  class space    used 7221K, capacity 7932K, committed 7936K, reserved 1048576K
Event: 29.413 GC heap after
Heap after GC invocations=11 (full 3):
 PSYoungGen      total 200704K, used 0K [0x000000076c980000, 0x000000077a480000, 0x00000007c0000000)
  eden space 186368K, 0% used [0x000000076c980000,0x000000076c980000,0x0000000777f80000)
  from space 14336K, 0% used [0x0000000779680000,0x0000000779680000,0x000000077a480000)
  to   space 16896K, 0% used [0x0000000778380000,0x0000000778380000,0x0000000779400000)
 ParOldGen       total 216064K, used 26530K [0x00000006c5c00000, 0x00000006d2f00000, 0x000000076c980000)
  object space 216064K, 12% used [0x00000006c5c00000,0x00000006c75e8860,0x00000006d2f00000)
 Metaspace       used 55019K, capacity 58964K, committed 59028K, reserved 1099776K
  class space    used 7220K, capacity 7930K, committed 7936K, reserved 1048576K
}

